  FluidSimulation.cpp
c:\users\k1822864\downloads\fluidsim\fluidsimulation\fluidsimulation\vector3.h(28): warning C4244: 'return': conversion from 'double' to 'float', possible loss of data
c:\users\k1822864\downloads\fluidsim\fluidsimulation\fluidsimulation\vector3.h(35): warning C4244: '=': conversion from 'float' to 'int', possible loss of data
c:\users\k1822864\downloads\fluidsim\fluidsimulation\fluidsimulation\vector3.h(36): warning C4244: '=': conversion from 'float' to 'int', possible loss of data
c:\users\k1822864\downloads\fluidsim\fluidsimulation\fluidsimulation\vector3.h(37): warning C4244: '=': conversion from 'float' to 'int', possible loss of data
c:\users\k1822864\downloads\fluidsim\fluidsimulation\fluidsimulation\vector3.h(47): warning C4244: '=': conversion from 'float' to 'int', possible loss of data
c:\users\k1822864\downloads\fluidsim\fluidsimulation\fluidsimulation\vector3.h(48): warning C4244: '=': conversion from 'float' to 'int', possible loss of data
c:\users\k1822864\downloads\fluidsim\fluidsimulation\fluidsimulation\vector3.h(49): warning C4244: '=': conversion from 'float' to 'int', possible loss of data
c:\users\k1822864\downloads\fluidsim\fluidsimulation\fluidsimulation\vector3.h(58): warning C4244: '=': conversion from 'float' to 'int', possible loss of data
c:\users\k1822864\downloads\fluidsim\fluidsimulation\fluidsimulation\vector3.h(59): warning C4244: '=': conversion from 'float' to 'int', possible loss of data
c:\users\k1822864\downloads\fluidsim\fluidsimulation\fluidsimulation\vector3.h(60): warning C4244: '=': conversion from 'float' to 'int', possible loss of data
c:\users\k1822864\downloads\fluidsim\fluidsimulation\fluidsimulation\grid.h(32): warning C4305: 'initializing': truncation from 'double' to 'float'
c:\users\k1822864\downloads\fluidsim\fluidsimulation\fluidsimulation\grid.h(43): warning C4244: 'initializing': conversion from 'double' to 'float', possible loss of data
c:\users\k1822864\downloads\fluidsim\fluidsimulation\fluidsimulation\grid.h(53): warning C4244: 'initializing': conversion from 'double' to 'float', possible loss of data
  Generating code
  2 of 16 functions (12.5%) were compiled, the rest were copied from previous compilation.
    1 functions were new in current compilation
    0 functions had inline decision re-evaluated but remain unchanged
  Finished generating code
  FluidSimulation.vcxproj -> C:\Users\k1822864\Downloads\FluidSim\FluidSimulation\Release\FluidSimulation.exe
